#
# A fatal error has been detected by the Java Runtime Environment:
#
#  EXCEPTION_ACCESS_VIOLATION (0xc0000005) at pc=0x00007ff9d2368cb8, pid=2496, tid=6148
#
# JRE version: OpenJDK Runtime Environment (11.0.10) (build 11.0.10+0-b96-7249189)
# Java VM: OpenJDK 64-Bit Server VM (11.0.10+0-b96-7249189, mixed mode, tiered, compressed oops, g1 gc, windows-amd64)
# Problematic frame:
# C  [AcLayers.DLL+0x8cb8]
#
# No core dump will be written. Minidumps are not enabled by default on client versions of Windows
#
# If you would like to submit a bug report, please visit:
#   https://bugreport.java.com/bugreport/crash.jsp
# The crash happened outside the Java Virtual Machine in native code.
# See problematic frame for where to report the bug.
#

---------------  S U M M A R Y ------------

Command Line: --add-opens=java.base/java.util=ALL-UNNAMED --add-opens=java.base/java.lang=ALL-UNNAMED --add-opens=java.base/java.lang.invoke=ALL-UNNAMED --add-opens=java.base/java.util=ALL-UNNAMED --add-opens=java.prefs/java.util.prefs=ALL-UNNAMED --add-opens=java.prefs/java.util.prefs=ALL-UNNAMED --add-opens=java.base/java.nio.charset=ALL-UNNAMED --add-opens=java.base/java.net=ALL-UNNAMED --add-opens=java.base/java.util.concurrent.atomic=ALL-UNNAMED -Xmx2048m -Dfile.encoding=UTF-8 -Duser.country=JP -Duser.language=ja -Duser.variant org.gradle.launcher.daemon.bootstrap.GradleDaemon 7.0.2

Host: Intel(R) Core(TM) i5-10310U CPU @ 1.70GHz, 8 cores, 7G,  Windows 10 , 64 bit Build 19041 (10.0.19041.1151)
Time: Wed Nov  3 18:54:56 2021 ìåãû (ïWèÄéû) elapsed time: 67.591682 seconds (0d 0h 1m 7s)

---------------  T H R E A D  ---------------

Current thread (0x000001aeacd75000):  JavaThread "pool-2-thread-1" [_thread_in_native, id=6148, stack(0x0000007a5fd00000,0x0000007a5fe00000)]

Stack: [0x0000007a5fd00000,0x0000007a5fe00000],  sp=0x0000007a5fdfa200,  free space=1000k
Native frames: (J=compiled Java code, j=interpreted, Vv=VM code, C=native code)
C  [AcLayers.DLL+0x8cb8]
C  [AcLayers.DLL+0x77bd]
C  [nfdbctl64.dll+0x2b6d8]

Java frames: (J=compiled Java code, j=interpreted, Vv=VM code)
j  java.net.PlainSocketImpl.connect0(ILjava/net/InetAddress;I)I+0 java.base@11.0.10
j  java.net.PlainSocketImpl.socketConnect(Ljava/net/InetAddress;II)V+51 java.base@11.0.10
j  java.net.AbstractPlainSocketImpl.doConnect(Ljava/net/InetAddress;II)V+64 java.base@11.0.10
j  java.net.AbstractPlainSocketImpl.connectToAddress(Ljava/net/InetAddress;II)V+23 java.base@11.0.10
j  java.net.AbstractPlainSocketImpl.connect(Ljava/net/SocketAddress;I)V+78 java.base@11.0.10
j  java.net.Socket.connect(Ljava/net/SocketAddress;I)V+179 java.base@11.0.10
j  java.net.Socket.connect(Ljava/net/SocketAddress;)V+3 java.base@11.0.10
j  sun.net.NetworkClient.doConnect(Ljava/lang/String;I)Ljava/net/Socket;+140 java.base@11.0.10
j  sun.net.www.http.HttpClient.openServer(Ljava/lang/String;I)V+4 java.base@11.0.10
j  sun.net.www.http.HttpClient$1.run()Ljava/lang/Void;+18 java.base@11.0.10
j  sun.net.www.http.HttpClient$1.run()Ljava/lang/Object;+1 java.base@11.0.10
v  ~StubRoutines::call_stub
J 9388  java.security.AccessController.doPrivileged(Ljava/security/PrivilegedExceptionAction;)Ljava/lang/Object; java.base@11.0.10 (0 bytes) @ 0x000001ae92133f12 [0x000001ae92133ec0+0x0000000000000052]
j  sun.net.www.http.HttpClient.privilegedOpenServer(Ljava/net/InetSocketAddress;)V+9 java.base@11.0.10
j  sun.net.www.http.HttpClient.openServer()V+96 java.base@11.0.10
j  sun.net.www.protocol.https.HttpsClient.<init>(Ljavax/net/ssl/SSLSocketFactory;Ljava/net/URL;Ljava/net/Proxy;I)V+122 java.base@11.0.10
j  sun.net.www.protocol.https.HttpsClient.New(Ljavax/net/ssl/SSLSocketFactory;Ljava/net/URL;Ljavax/net/ssl/HostnameVerifier;Ljava/net/Proxy;ZILsun/net/www/protocol/http/HttpURLConnection;)Lsun/net/www/http/HttpClient;+397 java.base@11.0.10
j  sun.net.www.protocol.https.AbstractDelegateHttpsURLConnection.getNewHttpClient(Ljava/net/URL;Ljava/net/Proxy;I)Lsun/net/www/http/HttpClient;+13 java.base@11.0.10
j  sun.net.www.protocol.http.HttpURLConnection.plainConnect0()V+663 java.base@11.0.10
j  sun.net.www.protocol.http.HttpURLConnection.plainConnect()V+71 java.base@11.0.10
j  sun.net.www.protocol.https.AbstractDelegateHttpsURLConnection.connect()V+9 java.base@11.0.10
j  sun.net.www.protocol.https.HttpsURLConnectionImpl.connect()V+4 java.base@11.0.10
j  com.android.sdklib.repository.legacy.remote.internal.DownloadCache.openUrl(Ljava/lang/String;Z[Lorg/apache/http/Header;)Lcom/android/utils/Pair;+78
j  com.android.sdklib.repository.legacy.remote.internal.DownloadCache.downloadAndCache(Ljava/lang/String;Ljava/io/File;Ljava/io/File;[Lorg/apache/http/Header;Ljava/util/concurrent/atomic/AtomicInteger;)Ljava/io/InputStream;+25
j  com.android.sdklib.repository.legacy.remote.internal.DownloadCache.openCachedUrl(Ljava/lang/String;)Ljava/io/InputStream;+793
j  com.android.sdklib.repository.legacy.LegacyDownloader.downloadAndStream(Ljava/net/URL;Lcom/android/repository/api/ProgressIndicator;)Ljava/io/InputStream;+9
j  com.android.repository.impl.downloader.LocalFileAwareDownloader.downloadAndStream(Ljava/net/URL;Lcom/android/repository/api/ProgressIndicator;)Ljava/io/InputStream;+23
j  com.android.repository.impl.manager.RemoteRepoLoaderImpl.lambda$fetchPackages$0(Lcom/android/repository/api/Downloader;Lcom/android/repository/api/RepositorySource;Lcom/android/repository/impl/manager/RemoteRepoLoaderImpl$LoggingOnlyProgressIndicator;Ljava/util/concurrent/ArrayBlockingQueue;Lcom/android/repository/api/ProgressIndicator;)V+21
j  com.android.repository.impl.manager.RemoteRepoLoaderImpl$$Lambda$961.run()V+20
j  java.util.concurrent.Executors$RunnableAdapter.call()Ljava/lang/Object;+4 java.base@11.0.10
J 7576 c1 java.util.concurrent.FutureTask.run()V java.base@11.0.10 (123 bytes) @ 0x000001ae8b664cc4 [0x000001ae8b664620+0x00000000000006a4]
j  java.util.concurrent.ThreadPoolExecutor.runWorker(Ljava/util/concurrent/ThreadPoolExecutor$Worker;)V+92 java.base@11.0.10
j  java.util.concurrent.ThreadPoolExecutor$Worker.run()V+5 java.base@11.0.10
j  java.lang.Thread.run()V+11 java.base@11.0.10
v  ~StubRoutines::call_stub

siginfo: EXCEPTION_ACCESS_VIOLATION (0xc0000005), reading address 0x000001aea25b3000


Register to memory mapping:

RIP=0x00007ff9d2368cb8 AcLayers.DLL
RAX=0x00000000000019e0 is an unknown value
RBX=0x000001aea25b16f0 points into unknown readable memory: 0x509d9eb2509d9eb2 | b2 9e 9d 50 b2 9e 9d 50
RCX=
[error occurred during error reporting (printing register info), id 0xc0000005, EXCEPTION_ACCESS_VIOLATION (0xc0000005) at pc=0x00007ff9c4099dc7]

Registers:
RAX=0x00000000000019e0, RBX=0x000001aea25b16f0, RCX=0x000000008d8320b0, RDX=0x0000000000003dd0
RSP=0x0000007a5fdfa200, RBP=0x0000000000000100, RSI=0x0000000000000000, RDI=0x000001aea25b1620
R8 =0x000001aea25b3000, R9 =0x0000000000000000, R10=0x0000000000000000, R11=0x0000000000000011
R12=0x0000000000000000, R13=0x0000000000000100, R14=0x000001aea25b1720, R15=0x0000000000000000
RIP=0x00007ff9d2368cb8, EFLAGS=0x0000000000010283

Top of Stack: (sp=0x0000007a5fdfa200)
0x0000007a5fdfa200:   0000000000000000 0000000000000100
0x0000007a5fdfa210:   0000000000000000 000001aea25b1620
0x0000007a5fdfa220:   0000007a5fdfa220 0000007a5fdfa220
0x0000007a5fdfa230:   0000000000000000 000001aea25b1720
0x0000007a5fdfa240:   0000000000000000 00007ff9d23677bd
0x0000007a5fdfa250:   0000000000000001 000001aea2080000
0x0000007a5fdfa260:   000001aea25b16f0 000001aea25b1620
0x0000007a5fdfa270:   000001aea264ae20 000001aea264adf0
0x0000007a5fdfa280:   0000000000000000 0000000000000000
0x0000007a5fdfa290:   0000000000000000 0000007a5fdfc5a8
0x0000007a5fdfa2a0:   0000000000000b14 00007ff9f982b6d8
0x0000007a5fdfa2b0:   0000000000000000 00007ff9f982b6d8
0x0000007a5fdfa2c0:   0000007a5fdfa349 00007ff9f98727a0
0x0000007a5fdfa2d0:   0000000000000000 00007ff9f980bb25
0x0000007a5fdfa2e0:   0000007a5fdfa420 00007ff9f981e05b
0x0000007a5fdfa2f0:   0000007a00000000 0000007a5fdfa420 

Instructions: (pc=0x00007ff9d2368cb8)
0x00007ff9d2368bb8:   02 00 0f 1f 44 00 00 48 8d 0d 52 63 04 00 48 8b
0x00007ff9d2368bc8:   5c 24 58 48 8b 6c 24 60 48 8b 74 24 68 48 83 c4
0x00007ff9d2368bd8:   20 41 5f 41 5e 41 5d 41 5c 5f 48 ff 25 f7 45 02
0x00007ff9d2368be8:   00 cc cc cc cc cc cc cc cc cc cc cc 48 83 ec 28
0x00007ff9d2368bf8:   48 8d 0d 19 63 04 00 48 ff 15 b2 45 02 00 0f 1f
0x00007ff9d2368c08:   44 00 00 48 8d 0d 56 5c 04 00 48 ff 15 9f 45 02
0x00007ff9d2368c18:   00 0f 1f 44 00 00 48 8d 05 e3 62 04 00 48 89 05
0x00007ff9d2368c28:   e4 62 04 00 48 89 05 d5 62 04 00 48 83 c4 28 c3
0x00007ff9d2368c38:   cc cc cc cc cc cc cc cc 4c 8b dc 49 89 5b 08 49
0x00007ff9d2368c48:   89 6b 10 49 89 73 18 49 89 7b 20 41 54 41 56 41
0x00007ff9d2368c58:   57 48 83 ec 30 45 33 e4 41 8b f0 41 8b dc 48 8b
0x00007ff9d2368c68:   ea 48 8b f9 f0 ff 05 1d 63 48 00 49 8d 43 d8 49
0x00007ff9d2368c78:   89 43 e0 49 8d 43 d8 49 89 43 d8 45 85 c0 75 4c
0x00007ff9d2368c88:   e8 63 08 00 00 8b 05 45 61 04 00 48 8d 5d d0 48
0x00007ff9d2368c98:   03 df 4c 8b c7 41 8b cc 0f b7 53 0c 85 c0 74 2a
0x00007ff9d2368ca8:   48 8d 04 3a 48 3b f8 41 0f 47 d4 48 85 d2 74 1a
0x00007ff9d2368cb8:   41 0f b6 00 49 ff c0 69 c9 3f 00 01 00 03 c8 49
0x00007ff9d2368cc8:   8b c0 48 2b c7 48 3b c2 72 e6 89 0b 48 8d 0d 3d
0x00007ff9d2368cd8:   62 04 00 48 ff 15 1e 45 02 00 0f 1f 44 00 00 44
0x00007ff9d2368ce8:   39 25 e6 70 48 00 76 21 f0 ff 05 9d 62 48 00 48
0x00007ff9d2368cf8:   8d 0d 1a 62 04 00 48 ff 15 eb 44 02 00 0f 1f 44
0x00007ff9d2368d08:   00 00 33 c0 e9 64 03 00 00 48 8d 0d 50 5b 04 00
0x00007ff9d2368d18:   48 ff 15 c9 44 02 00 0f 1f 44 00 00 4c 8d 3d dd
0x00007ff9d2368d28:   61 04 00 85 f6 0f 85 a7 00 00 00 8b 35 a3 60 04
0x00007ff9d2368d38:   00 4c 8d 73 30 0f b7 43 10 33 f3 48 8b fb 48 85
0x00007ff9d2368d48:   c0 74 18 4c 8d 05 fe 58 02 00 ba c3 01 00 00 48
0x00007ff9d2368d58:   8d 0d 2a 59 02 00 e8 9d 19 00 00 48 8d 0d 06 5b
0x00007ff9d2368d68:   04 00 48 ff 15 2f 47 02 00 0f 1f 44 00 00 0f b7
0x00007ff9d2368d78:   c8 48 09 4b 10 49 8b cc 4c 3b f3 48 1b c0 48 f7
0x00007ff9d2368d88:   d0 83 e0 0c 76 0e 31 37 48 ff c1 48 8d 7f 04 48
0x00007ff9d2368d98:   3b c8 72 f2 48 8b 05 6d 61 04 00 48 83 c3 18 4c
0x00007ff9d2368da8:   39 38 0f 85 e5 02 00 00 48 8b 15 41 61 04 00 ff 


Stack slot to memory mapping:
stack at sp + 0 slots: 0x0 is NULL
stack at sp + 1 slots: 0x0000000000000100 is an unknown value
stack at sp + 2 slots: 0x0 is NULL
stack at sp + 3 slots: 0x000001aea25b1620 points into unknown readable memory: 0x5f41524b4148435b | 5b 43 48 41 4b 52 41 5f
stack at sp + 4 slots: 0x0000007a5fdfa220 is pointing into the stack for thread: 0x000001aeacd75000
stack at sp + 5 slots: 0x0000007a5fdfa220 is pointing into the stack for thread: 0x000001aeacd75000
stack at sp + 6 slots: 0x0 is NULL
stack at sp + 7 slots: 0x000001aea25b1720 points into unknown readable memory: 0x0000000000000000 | 00 00 00 00 00 00 00 00


---------------  P R O C E S S  ---------------

Threads class SMR info:
_java_thread_list=0x000001aea8414770, length=51, elements={
0x000001ae86628800, 0x000001aea1312000, 0x000001aea131e000, 0x000001aea13cb000,
0x000001aea13cc000, 0x000001aea13cd000, 0x000001aea13ce800, 0x000001aea13d1800,
0x000001aea13d3800, 0x000001aea163e800, 0x000001aea13bb800, 0x000001aea3282000,
0x000001aea3279000, 0x000001aea1659800, 0x000001aea12d5000, 0x000001aea2fcd800,
0x000001aea3645800, 0x000001aea4008800, 0x000001aea4f87000, 0x000001aea5383000,
0x000001aea5384000, 0x000001aea5385800, 0x000001aea5380800, 0x000001aea537f800,
0x000001aea5381800, 0x000001aea5c5a000, 0x000001aea5c58800, 0x000001aea5c57800,
0x000001aea5c59000, 0x000001aea5c54800, 0x000001aea5c55000, 0x000001aea5c5b000,
0x000001aea5c56800, 0x000001aea5c56000, 0x000001aea5c5f000, 0x000001aea5c60800,
0x000001aea5c5c800, 0x000001aea5386800, 0x000001aea7b26000, 0x000001aea7b21000,
0x000001aea7b25000, 0x000001aea7b2b800, 0x000001aea7b2c800, 0x000001aea7b2d800,
0x000001aea7b2f000, 0x000001aea7b2e000, 0x000001aea5c5f800, 0x000001aea5c5b800,
0x000001aea7b23800, 0x000001aeacd75000, 0x000001aeacd76000
}

Java Threads: ( => current thread )
  0x000001ae86628800 JavaThread "main" [_thread_blocked, id=11120, stack(0x0000007a60000000,0x0000007a60100000)]
  0x000001aea1312000 JavaThread "Reference Handler" daemon [_thread_blocked, id=13836, stack(0x0000007a60700000,0x0000007a60800000)]
  0x000001aea131e000 JavaThread "Finalizer" daemon [_thread_blocked, id=17140, stack(0x0000007a60800000,0x0000007a60900000)]
  0x000001aea13cb000 JavaThread "Signal Dispatcher" daemon [_thread_blocked, id=14872, stack(0x0000007a60900000,0x0000007a60a00000)]
  0x000001aea13cc000 JavaThread "Attach Listener" daemon [_thread_blocked, id=9132, stack(0x0000007a60a00000,0x0000007a60b00000)]
  0x000001aea13cd000 JavaThread "Service Thread" daemon [_thread_blocked, id=12744, stack(0x0000007a60b00000,0x0000007a60c00000)]
  0x000001aea13ce800 JavaThread "C2 CompilerThread0" daemon [_thread_blocked, id=1624, stack(0x0000007a60c00000,0x0000007a60d00000)]
  0x000001aea13d1800 JavaThread "C1 CompilerThread0" daemon [_thread_blocked, id=456, stack(0x0000007a60d00000,0x0000007a60e00000)]
  0x000001aea13d3800 JavaThread "Sweeper thread" daemon [_thread_blocked, id=15440, stack(0x0000007a60e00000,0x0000007a60f00000)]
  0x000001aea163e800 JavaThread "Common-Cleaner" daemon [_thread_blocked, id=14052, stack(0x0000007a60f00000,0x0000007a61000000)]
  0x000001aea13bb800 JavaThread "Daemon health stats" [_thread_blocked, id=7996, stack(0x0000007a61600000,0x0000007a61700000)]
  0x000001aea3282000 JavaThread "Incoming local TCP Connector on port 60750" [_thread_in_native, id=2400, stack(0x0000007a61300000,0x0000007a61400000)]
  0x000001aea3279000 JavaThread "Daemon periodic checks" [_thread_blocked, id=8824, stack(0x0000007a61400000,0x0000007a61500000)]
  0x000001aea1659800 JavaThread "Daemon" [_thread_blocked, id=11440, stack(0x0000007a61700000,0x0000007a61800000)]
  0x000001aea12d5000 JavaThread "Handler for socket connection from /127.0.0.1:60750 to /127.0.0.1:60751" [_thread_in_native, id=18580, stack(0x0000007a61800000,0x0000007a61900000)]
  0x000001aea2fcd800 JavaThread "Cancel handler" [_thread_blocked, id=5640, stack(0x0000007a61900000,0x0000007a61a00000)]
  0x000001aea3645800 JavaThread "Daemon worker" [_thread_blocked, id=20076, stack(0x0000007a61a00000,0x0000007a61b00000)]
  0x000001aea4008800 JavaThread "Asynchronous log dispatcher for DefaultDaemonConnection: socket connection from /127.0.0.1:60750 to /127.0.0.1:60751" [_thread_blocked, id=15304, stack(0x0000007a61b00000,0x0000007a61c00000)]
  0x000001aea4f87000 JavaThread "Daemon client event forwarder" [_thread_blocked, id=3684, stack(0x0000007a61d00000,0x0000007a61e00000)]
  0x000001aea5383000 JavaThread "Cache worker for file hash cache (C:\Users\DOIYASUHIRO\.gradle\caches\7.0.2\fileHashes)" [_thread_blocked, id=7148, stack(0x0000007a62400000,0x0000007a62500000)]
  0x000001aea5384000 JavaThread "File lock request listener" [_thread_in_native, id=14156, stack(0x0000007a62500000,0x0000007a62600000)]
  0x000001aea5385800 JavaThread "Cache worker for journal cache (C:\Users\DOIYASUHIRO\.gradle\caches\journal-1)" [_thread_blocked, id=13760, stack(0x0000007a62700000,0x0000007a62800000)]
  0x000001aea5380800 JavaThread "Cache worker for file hash cache (C:\Users\DOIYASUHIRO\AndroidStudioProjects\MyApplication1\.gradle\7.0.2\fileHashes)" [_thread_blocked, id=15068, stack(0x0000007a62900000,0x0000007a62a00000)]
  0x000001aea537f800 JavaThread "File watcher server" daemon [_thread_in_native, id=20280, stack(0x0000007a62a00000,0x0000007a62b00000)]
  0x000001aea5381800 JavaThread "File watcher consumer" daemon [_thread_blocked, id=14888, stack(0x0000007a62b00000,0x0000007a62c00000)]
  0x000001aea5c5a000 JavaThread "jar transforms" [_thread_blocked, id=14328, stack(0x0000007a62c00000,0x0000007a62d00000)]
  0x000001aea5c58800 JavaThread "jar transforms Thread 2" [_thread_blocked, id=13864, stack(0x0000007a62d00000,0x0000007a62e00000)]
  0x000001aea5c57800 JavaThread "jar transforms Thread 3" [_thread_blocked, id=1496, stack(0x0000007a62e00000,0x0000007a62f00000)]
  0x000001aea5c59000 JavaThread "jar transforms Thread 4" [_thread_blocked, id=13388, stack(0x0000007a62f00000,0x0000007a63000000)]
  0x000001aea5c54800 JavaThread "jar transforms Thread 5" [_thread_blocked, id=17632, stack(0x0000007a63000000,0x0000007a63100000)]
  0x000001aea5c55000 JavaThread "jar transforms Thread 6" [_thread_blocked, id=19612, stack(0x0000007a63100000,0x0000007a63200000)]
  0x000001aea5c5b000 JavaThread "jar transforms Thread 7" [_thread_blocked, id=13040, stack(0x0000007a63200000,0x0000007a63300000)]
  0x000001aea5c56800 JavaThread "jar transforms Thread 8" [_thread_blocked, id=3008, stack(0x0000007a63300000,0x0000007a63400000)]
  0x000001aea5c56000 JavaThread "Cache worker for checksums cache (C:\Users\DOIYASUHIRO\AndroidStudioProjects\MyApplication1\.gradle\checksums)" [_thread_blocked, id=19796, stack(0x0000007a63500000,0x0000007a63600000)]
  0x000001aea5c5f000 JavaThread "Cache worker for cache directory md-supplier (C:\Users\DOIYASUHIRO\.gradle\caches\7.0.2\md-supplier)" [_thread_blocked, id=3972, stack(0x0000007a63600000,0x0000007a63700000)]
  0x000001aea5c60800 JavaThread "Cache worker for cache directory md-rule (C:\Users\DOIYASUHIRO\.gradle\caches\7.0.2\md-rule)" [_thread_blocked, id=9244, stack(0x0000007a63700000,0x0000007a63800000)]
  0x000001aea5c5c800 JavaThread "Cache worker for execution history cache (C:\Users\DOIYASUHIRO\.gradle\caches\7.0.2\executionHistory)" [_thread_blocked, id=14856, stack(0x0000007a63800000,0x0000007a63900000)]
  0x000001aea5386800 JavaThread "Cache worker for file content cache (C:\Users\DOIYASUHIRO\.gradle\caches\7.0.2\fileContent)" [_thread_blocked, id=17884, stack(0x0000007a63900000,0x0000007a63a00000)]
  0x000001aea7b26000 JavaThread "Cache worker for dependencies-accessors (C:\Users\DOIYASUHIRO\AndroidStudioProjects\MyApplication1\.gradle\7.0.2\dependencies-accessors)" [_thread_blocked, id=17988, stack(0x0000007a63a00000,0x0000007a63b00000)]
  0x000001aea7b21000 JavaThread "Cache worker for Build Output Cleanup Cache (C:\Users\DOIYASUHIRO\AndroidStudioProjects\MyApplication1\.gradle\buildOutputCleanup)" [_thread_blocked, id=3748, stack(0x0000007a63b00000,0x0000007a63c00000)]
  0x000001aea7b25000 JavaThread "Build operations" [_thread_blocked, id=8648, stack(0x0000007a63400000,0x0000007a63500000)]
  0x000001aea7b2b800 JavaThread "Build operations Thread 2" [_thread_blocked, id=11684, stack(0x0000007a63d00000,0x0000007a63e00000)]
  0x000001aea7b2c800 JavaThread "Build operations Thread 3" [_thread_blocked, id=19900, stack(0x0000007a63e00000,0x0000007a63f00000)]
  0x000001aea7b2d800 JavaThread "Build operations Thread 4" [_thread_blocked, id=8032, stack(0x0000007a63f00000,0x0000007a64000000)]
  0x000001aea7b2f000 JavaThread "Build operations Thread 5" [_thread_blocked, id=8592, stack(0x0000007a64000000,0x0000007a64100000)]
  0x000001aea7b2e000 JavaThread "Build operations Thread 6" [_thread_blocked, id=18588, stack(0x0000007a64100000,0x0000007a64200000)]
  0x000001aea5c5f800 JavaThread "Build operations Thread 7" [_thread_blocked, id=7056, stack(0x0000007a64200000,0x0000007a64300000)]
  0x000001aea5c5b800 JavaThread "Build operations Thread 8" [_thread_blocked, id=19760, stack(0x0000007a64300000,0x0000007a64400000)]
  0x000001aea7b23800 JavaThread "Memory manager" [_thread_blocked, id=1040, stack(0x0000007a64500000,0x0000007a64600000)]
=>0x000001aeacd75000 JavaThread "pool-2-thread-1" [_thread_in_native, id=6148, stack(0x0000007a5fd00000,0x0000007a5fe00000)]
  0x000001aeacd76000 JavaThread "pool-2-thread-2" [_thread_in_native, id=12388, stack(0x0000007a5fe00000,0x0000007a5ff00000)]

Other Threads:
  0x000001aea12e8000 VMThread "VM Thread" [stack: 0x0000007a60600000,0x0000007a60700000] [id=2380]
  0x000001aea1664000 WatcherThread [stack: 0x0000007a61000000,0x0000007a61100000] [id=9380]
  0x000001ae86649000 GCTaskThread "GC Thread#0" [stack: 0x0000007a60100000,0x0000007a60200000] [id=17908]
  0x000001aea17d6800 GCTaskThread "GC Thread#1" [stack: 0x0000007a61500000,0x0000007a61600000] [id=10876]
  0x000001aea3df4000 GCTaskThread "GC Thread#2" [stack: 0x0000007a61e00000,0x0000007a61f00000] [id=13652]
  0x000001aea153b000 GCTaskThread "GC Thread#3" [stack: 0x0000007a61f00000,0x0000007a62000000] [id=1808]
  0x000001aea153c000 GCTaskThread "GC Thread#4" [stack: 0x0000007a62000000,0x0000007a62100000] [id=18600]
  0x000001aea292a800 GCTaskThread "GC Thread#5" [stack: 0x0000007a62100000,0x0000007a62200000] [id=6988]
  0x000001aea292b800 GCTaskThread "GC Thread#6" [stack: 0x0000007a62200000,0x0000007a62300000] [id=11548]
  0x000001aea54ee800 GCTaskThread "GC Thread#7" [stack: 0x0000007a62300000,0x0000007a62400000] [id=1904]
  0x000001ae8667b800 ConcurrentGCThread "G1 Main Marker" [stack: 0x0000007a60200000,0x0000007a60300000] [id=5228]
  0x000001ae8667c800 ConcurrentGCThread "G1 Conc#0" [stack: 0x0000007a60300000,0x0000007a60400000] [id=12456]
  0x000001aea1ba0800 ConcurrentGCThread "G1 Conc#1" [stack: 0x0000007a62600000,0x0000007a62700000] [id=13056]
  0x000001aea08eb800 ConcurrentGCThread "G1 Refine#0" [stack: 0x0000007a60400000,0x0000007a60500000] [id=18348]
  0x000001aea08ec800 ConcurrentGCThread "G1 Young RemSet Sampling" [stack: 0x0000007a60500000,0x0000007a60600000] [id=3396]

Threads with active compile tasks:

VM state:not at safepoint (normal execution)

VM Mutex/Monitor currently owned by a thread: None

Heap address: 0x0000000080000000, size: 2048 MB, Compressed Oops mode: 32-bit
Narrow klass base: 0x0000000000000000, Narrow klass shift: 3
Compressed class space size: 1073741824 Address: 0x0000000100000000

Heap:
 garbage-first heap   total 183296K, used 113389K [0x0000000080000000, 0x0000000100000000)
  region size 1024K, 16 young (16384K), 5 survivors (5120K)
 Metaspace       used 100631K, capacity 102982K, committed 103288K, reserved 1138688K
  class space    used 12776K, capacity 13599K, committed 13696K, reserved 1048576K
Heap Regions: E=young(eden), S=young(survivor), O=old, HS=humongous(starts), HC=humongous(continues), CS=collection set, F=free, A=archive, TAMS=top-at-mark-start (previous, next)
|   0|0x0000000080000000, 0x0000000080100000, 0x0000000080100000|100%| O|  |TAMS 0x0000000080100000, 0x0000000080000000| Untracked 
|   1|0x0000000080100000, 0x0000000080200000, 0x0000000080200000|100%| O|  |TAMS 0x0000000080200000, 0x0000000080100000| Untracked 
|   2|0x0000000080200000, 0x0000000080300000, 0x0000000080300000|100%| O|  |TAMS 0x0000000080300000, 0x0000000080200000| Untracked 
|   3|0x0000000080300000, 0x0000000080400000, 0x0000000080400000|100%|HS|  |TAMS 0x0000000080400000, 0x0000000080300000| Complete 
|   4|0x0000000080400000, 0x0000000080500000, 0x0000000080500000|100%|HC|  |TAMS 0x0000000080500000, 0x0000000080400000| Complete 
|   5|0x0000000080500000, 0x0000000080600000, 0x0000000080600000|100%|HC|  |TAMS 0x0000000080600000, 0x0000000080500000| Complete 
|   6|0x0000000080600000, 0x0000000080700000, 0x0000000080700000|100%| O|  |TAMS 0x0000000080700000, 0x0000000080600000| Untracked 
|   7|0x0000000080700000, 0x0000000080800000, 0x0000000080800000|100%| O|  |TAMS 0x0000000080800000, 0x0000000080700000| Untracked 
|   8|0x0000000080800000, 0x0000000080900000, 0x0000000080900000|100%| O|  |TAMS 0x0000000080900000, 0x0000000080800000| Untracked 
|   9|0x0000000080900000, 0x0000000080a00000, 0x0000000080a00000|100%| O|  |TAMS 0x0000000080a00000, 0x0000000080900000| Untracked 
|  10|0x0000000080a00000, 0x0000000080b00000, 0x0000000080b00000|100%| O|  |TAMS 0x0000000080b00000, 0x0000000080a00000| Untracked 
|  11|0x0000000080b00000, 0x0000000080c00000, 0x0000000080c00000|100%| O|  |TAMS 0x0000000080c00000, 0x0000000080b00000| Untracked 
|  12|0x0000000080c00000, 0x0000000080d00000, 0x0000000080d00000|100%| O|  |TAMS 0x0000000080d00000, 0x0000000080c00000| Untracked 
|  13|0x0000000080d00000, 0x0000000080e00000, 0x0000000080e00000|100%| O|  |TAMS 0x0000000080e00000, 0x0000000080d00000| Untracked 
|  14|0x0000000080e00000, 0x0000000080f00000, 0x0000000080f00000|100%| O|  |TAMS 0x0000000080f00000, 0x0000000080e00000| Untracked 
|  15|0x0000000080f00000, 0x0000000081000000, 0x0000000081000000|100%| O|  |TAMS 0x0000000081000000, 0x0000000080f00000| Untracked 
|  16|0x0000000081000000, 0x0000000081100000, 0x0000000081100000|100%|HS|  |TAMS 0x0000000081100000, 0x0000000081000000| Complete 
|  17|0x0000000081100000, 0x0000000081200000, 0x0000000081200000|100%|HC|  |TAMS 0x0000000081200000, 0x0000000081100000| Complete 
|  18|0x0000000081200000, 0x0000000081300000, 0x0000000081300000|100%|HS|  |TAMS 0x0000000081300000, 0x0000000081200000| Complete 
|  19|0x0000000081300000, 0x0000000081400000, 0x0000000081400000|100%|HC|  |TAMS 0x0000000081400000, 0x0000000081300000| Complete 
|  20|0x0000000081400000, 0x0000000081500000, 0x0000000081500000|100%|HC|  |TAMS 0x0000000081500000, 0x0000000081400000| Complete 
|  21|0x0000000081500000, 0x0000000081600000, 0x0000000081600000|100%|HS|  |TAMS 0x0000000081600000, 0x0000000081500000| Complete 
|  22|0x0000000081600000, 0x0000000081700000, 0x0000000081700000|100%|HC|  |TAMS 0x0000000081700000, 0x0000000081600000| Complete 
|  23|0x0000000081700000, 0x0000000081800000, 0x0000000081800000|100%|HC|  |TAMS 0x0000000081800000, 0x0000000081700000| Complete 
|  24|0x0000000081800000, 0x0000000081900000, 0x0000000081900000|100%|HC|  |TAMS 0x0000000081900000, 0x0000000081800000| Complete 
|  25|0x0000000081900000, 0x0000000081a00000, 0x0000000081a00000|100%|HC|  |TAMS 0x0000000081a00000, 0x0000000081900000| Complete 
|  26|0x0000000081a00000, 0x0000000081b00000, 0x0000000081b00000|100%| O|  |TAMS 0x0000000081b00000, 0x0000000081a00000| Untracked 
|  27|0x0000000081b00000, 0x0000000081c00000, 0x0000000081c00000|100%| O|  |TAMS 0x0000000081c00000, 0x0000000081b00000| Untracked 
|  28|0x0000000081c00000, 0x0000000081d00000, 0x0000000081d00000|100%| O|  |TAMS 0x0000000081d00000, 0x0000000081c00000| Untracked 
|  29|0x0000000081d00000, 0x0000000081e00000, 0x0000000081e00000|100%| O|  |TAMS 0x0000000081e00000, 0x0000000081d00000| Untracked 
|  30|0x0000000081e00000, 0x0000000081f00000, 0x0000000081f00000|100%| O|  |TAMS 0x0000000081f00000, 0x0000000081e00000| Untracked 
|  31|0x0000000081f00000, 0x0000000082000000, 0x0000000082000000|100%| O|  |TAMS 0x0000000082000000, 0x0000000081f00000| Untracked 
|  32|0x0000000082000000, 0x0000000082100000, 0x0000000082100000|100%| O|  |TAMS 0x0000000082100000, 0x0000000082000000| Untracked 
|  33|0x0000000082100000, 0x0000000082200000, 0x0000000082200000|100%|HS|  |TAMS 0x0000000082200000, 0x0000000082100000| Complete 
|  34|0x0000000082200000, 0x0000000082300000, 0x0000000082300000|100%|HC|  |TAMS 0x0000000082300000, 0x0000000082200000| Complete 
|  35|0x0000000082300000, 0x0000000082400000, 0x0000000082400000|100%|HC|  |TAMS 0x0000000082400000, 0x0000000082300000| Complete 
|  36|0x0000000082400000, 0x0000000082500000, 0x0000000082500000|100%|HC|  |TAMS 0x0000000082500000, 0x0000000082400000| Complete 
|  37|0x0000000082500000, 0x0000000082600000, 0x0000000082600000|100%|HC|  |TAMS 0x0000000082600000, 0x0000000082500000| Complete 
|  38|0x0000000082600000, 0x0000000082700000, 0x0000000082700000|100%|HS|  |TAMS 0x0000000082700000, 0x0000000082600000| Complete 
|  39|0x0000000082700000, 0x0000000082800000, 0x0000000082800000|100%|HC|  |TAMS 0x0000000082800000, 0x0000000082700000| Complete 
|  40|0x0000000082800000, 0x0000000082900000, 0x0000000082900000|100%|HC|  |TAMS 0x0000000082900000, 0x0000000082800000| Complete 
|  41|0x0000000082900000, 0x0000000082a00000, 0x0000000082a00000|100%| O|  |TAMS 0x0000000082a00000, 0x0000000082900000| Untracked 
|  42|0x0000000082a00000, 0x0000000082b00000, 0x0000000082b00000|100%| O|  |TAMS 0x0000000082b00000, 0x0000000082a00000| Untracked 
|  43|0x0000000082b00000, 0x0000000082c00000, 0x0000000082c00000|100%| O|  |TAMS 0x0000000082c00000, 0x0000000082b00000| Untracked 
|  44|0x0000000082c00000, 0x0000000082d00000, 0x0000000082d00000|100%| O|  |TAMS 0x0000000082d00000, 0x0000000082c00000| Untracked 
|  45|0x0000000082d00000, 0x0000000082e00000, 0x0000000082e00000|100%| O|  |TAMS 0x0000000082e00000, 0x0000000082d00000| Untracked 
|  46|0x0000000082e00000, 0x0000000082f00000, 0x0000000082f00000|100%| O|  |TAMS 0x0000000082f00000, 0x0000000082e00000| Untracked 
|  47|0x0000000082f00000, 0x0000000083000000, 0x0000000083000000|100%| O|  |TAMS 0x0000000083000000, 0x0000000082f00000| Untracked 
|  48|0x0000000083000000, 0x0000000083100000, 0x0000000083100000|100%| O|  |TAMS 0x0000000083100000, 0x0000000083000000| Untracked 
|  49|0x0000000083100000, 0x0000000083200000, 0x0000000083200000|100%| O|  |TAMS 0x0000000083200000, 0x0000000083100000| Untracked 
|  50|0x0000000083200000, 0x0000000083300000, 0x0000000083300000|100%| O|  |TAMS 0x0000000083300000, 0x0000000083200000| Untracked 
|  51|0x0000000083300000, 0x0000000083400000, 0x0000000083400000|100%| O|  |TAMS 0x0000000083400000, 0x0000000083300000| Untracked 
|  52|0x0000000083400000, 0x0000000083500000, 0x0000000083500000|100%| O|  |TAMS 0x0000000083500000, 0x0000000083400000| Untracked 
|  53|0x0000000083500000, 0x0000000083600000, 0x0000000083600000|100%| O|  |TAMS 0x0000000083600000, 0x0000000083500000| Untracked 
|  54|0x0000000083600000, 0x0000000083700000, 0x0000000083700000|100%| O|  |TAMS 0x0000000083700000, 0x0000000083600000| Untracked 
|  55|0x0000000083700000, 0x0000000083800000, 0x0000000083800000|100%| O|  |TAMS 0x0000000083800000, 0x0000000083700000| Untracked 
|  56|0x0000000083800000, 0x0000000083900000, 0x0000000083900000|100%| O|  |TAMS 0x0000000083900000, 0x0000000083800000| Untracked 
|  57|0x0000000083900000, 0x0000000083a00000, 0x0000000083a00000|100%| O|  |TAMS 0x0000000083a00000, 0x0000000083900000| Untracked 
|  58|0x0000000083a00000, 0x0000000083b00000, 0x0000000083b00000|100%| O|  |TAMS 0x0000000083b00000, 0x0000000083a00000| Untracked 
|  59|0x0000000083b00000, 0x0000000083c00000, 0x0000000083c00000|100%| O|  |TAMS 0x0000000083c00000, 0x0000000083b00000| Untracked 
|  60|0x0000000083c00000, 0x0000000083d00000, 0x0000000083d00000|100%| O|  |TAMS 0x0000000083d00000, 0x0000000083c00000| Untracked 
|  61|0x0000000083d00000, 0x0000000083e00000, 0x0000000083e00000|100%|HS|  |TAMS 0x0000000083e00000, 0x0000000083d00000| Complete 
|  62|0x0000000083e00000, 0x0000000083f00000, 0x0000000083f00000|100%|HS|  |TAMS 0x0000000083f00000, 0x0000000083e00000| Complete 
|  63|0x0000000083f00000, 0x0000000084000000, 0x0000000084000000|100%|HS|  |TAMS 0x0000000084000000, 0x0000000083f00000| Complete 
|  64|0x0000000084000000, 0x0000000084100000, 0x0000000084100000|100%|HS|  |TAMS 0x0000000084100000, 0x0000000084000000| Complete 
|  65|0x0000000084100000, 0x0000000084200000, 0x0000000084200000|100%|HC|  |TAMS 0x0000000084200000, 0x0000000084100000| Complete 
|  66|0x0000000084200000, 0x0000000084300000, 0x0000000084300000|100%|HC|  |TAMS 0x0000000084300000, 0x0000000084200000| Complete 
|  67|0x0000000084300000, 0x0000000084400000, 0x0000000084400000|100%|HS|  |TAMS 0x0000000084400000, 0x0000000084300000| Complete 
|  68|0x0000000084400000, 0x0000000084500000, 0x0000000084500000|100%|HC|  |TAMS 0x0000000084500000, 0x0000000084400000| Complete 
|  69|0x0000000084500000, 0x0000000084600000, 0x0000000084600000|100%| O|  |TAMS 0x0000000084600000, 0x0000000084500000| Untracked 
|  70|0x0000000084600000, 0x0000000084700000, 0x0000000084700000|100%| O|  |TAMS 0x0000000084700000, 0x0000000084600000| Untracked 
|  71|0x0000000084700000, 0x0000000084800000, 0x0000000084800000|100%| O|  |TAMS 0x0000000084800000, 0x0000000084700000| Untracked 
|  72|0x0000000084800000, 0x0000000084900000, 0x0000000084900000|100%| O|  |TAMS 0x0000000084900000, 0x0000000084800000| Untracked 
|  73|0x0000000084900000, 0x0000000084a00000, 0x0000000084a00000|100%| O|  |TAMS 0x0000000084a00000, 0x0000000084900000| Untracked 
|  74|0x0000000084a00000, 0x0000000084b00000, 0x0000000084b00000|100%| O|  |TAMS 0x0000000084b00000, 0x0000000084a00000| Untracked 
|  75|0x0000000084b00000, 0x0000000084c00000, 0x0000000084c00000|100%| O|  |TAMS 0x0000000084c00000, 0x0000000084b00000| Untracked 
|  76|0x0000000084c00000, 0x0000000084d00000, 0x0000000084d00000|100%| O|  |TAMS 0x0000000084d00000, 0x0000000084c00000| Untracked 
|  77|0x0000000084d00000, 0x0000000084e00000, 0x0000000084e00000|100%| O|  |TAMS 0x0000000084e00000, 0x0000000084d00000| Untracked 
|  78|0x0000000084e00000, 0x0000000084f00000, 0x0000000084f00000|100%| O|  |TAMS 0x0000000084f00000, 0x0000000084e00000| Untracked 
|  79|0x0000000084f00000, 0x0000000085000000, 0x0000000085000000|100%| O|  |TAMS 0x0000000085000000, 0x0000000084f00000| Untracked 
|  80|0x0000000085000000, 0x0000000085100000, 0x0000000085100000|100%| O|  |TAMS 0x0000000085100000, 0x0000000085000000| Untracked 
|  81|0x0000000085100000, 0x0000000085200000, 0x0000000085200000|100%| O|  |TAMS 0x0000000085200000, 0x0000000085100000| Untracked 
|  82|0x0000000085200000, 0x0000000085300000, 0x0000000085300000|100%| O|  |TAMS 0x0000000085300000, 0x0000000085200000| Untracked 
|  83|0x0000000085300000, 0x0000000085400000, 0x0000000085400000|100%| O|  |TAMS 0x0000000085400000, 0x0000000085300000| Untracked 
|  84|0x0000000085400000, 0x0000000085500000, 0x0000000085500000|100%| O|  |TAMS 0x0000000085500000, 0x0000000085400000| Untracked 
|  85|0x0000000085500000, 0x0000000085600000, 0x0000000085600000|100%| O|  |TAMS 0x0000000085600000, 0x0000000085500000| Untracked 
|  86|0x0000000085600000, 0x0000000085700000, 0x0000000085700000|100%| O|  |TAMS 0x0000000085700000, 0x0000000085600000| Untracked 
|  87|0x0000000085700000, 0x0000000085800000, 0x0000000085800000|100%| O|  |TAMS 0x0000000085800000, 0x0000000085700000| Untracked 
|  88|0x0000000085800000, 0x0000000085900000, 0x0000000085900000|100%| O|  |TAMS 0x0000000085900000, 0x0000000085800000| Untracked 
|  89|0x0000000085900000, 0x0000000085a00000, 0x0000000085a00000|100%| O|  |TAMS 0x0000000085a00000, 0x0000000085900000| Untracked 
|  90|0x0000000085a00000, 0x0000000085b00000, 0x0000000085b00000|100%| O|  |TAMS 0x0000000085b00000, 0x0000000085a00000| Untracked 
|  91|0x0000000085b00000, 0x0000000085c00000, 0x0000000085c00000|100%| O|  |TAMS 0x0000000085c00000, 0x0000000085b00000| Untracked 
|  92|0x0000000085c00000, 0x0000000085d00000, 0x0000000085d00000|100%| O|  |TAMS 0x0000000085d00000, 0x0000000085c00000| Untracked 
|  93|0x0000000085d00000, 0x0000000085e00000, 0x0000000085e00000|100%| O|  |TAMS 0x0000000085d66c00, 0x0000000085d00000| Untracked 
|  94|0x0000000085e00000, 0x0000000085e00000, 0x0000000085f00000|  0%| F|  |TAMS 0x0000000085e00000, 0x0000000085e00000| Untracked 
|  95|0x0000000085f00000, 0x0000000086000000, 0x0000000086000000|100%| O|  |TAMS 0x0000000085f00000, 0x0000000085f00000| Untracked 
|  96|0x0000000086000000, 0x00000000860fda00, 0x0000000086100000| 99%| O|  |TAMS 0x0000000086000000, 0x0000000086000000| Untracked 
|  97|0x0000000086100000, 0x0000000086100000, 0x0000000086200000|  0%| F|  |TAMS 0x0000000086100000, 0x0000000086100000| Untracked 
|  98|0x0000000086200000, 0x0000000086200000, 0x0000000086300000|  0%| F|  |TAMS 0x0000000086200000, 0x0000000086200000| Untracked 
|  99|0x0000000086300000, 0x0000000086300000, 0x0000000086400000|  0%| F|  |TAMS 0x0000000086300000, 0x0000000086300000| Untracked 
| 100|0x0000000086400000, 0x0000000086400000, 0x0000000086500000|  0%| F|  |TAMS 0x0000000086400000, 0x0000000086400000| Untracked 
| 101|0x0000000086500000, 0x0000000086500000, 0x0000000086600000|  0%| F|  |TAMS 0x0000000086500000, 0x0000000086500000| Untracked 
| 102|0x0000000086600000, 0x0000000086600000, 0x0000000086700000|  0%| F|  |TAMS 0x0000000086600000, 0x0000000086600000| Untracked 
| 103|0x0000000086700000, 0x0000000086700000, 0x0000000086800000|  0%| F|  |TAMS 0x0000000086700000, 0x0000000086700000| Untracked 
| 104|0x0000000086800000, 0x0000000086800000, 0x0000000086900000|  0%| F|  |TAMS 0x0000000086800000, 0x0000000086800000| Untracked 
| 105|0x0000000086900000, 0x0000000086900000, 0x0000000086a00000|  0%| F|  |TAMS 0x0000000086900000, 0x0000000086900000| Untracked 
| 106|0x0000000086a00000, 0x0000000086a00000, 0x0000000086b00000|  0%| F|  |TAMS 0x0000000086a00000, 0x0000000086a00000| Untracked 
| 107|0x0000000086b00000, 0x0000000086b00000, 0x0000000086c00000|  0%| F|  |TAMS 0x0000000086b00000, 0x0000000086b00000| Untracked 
| 108|0x0000000086c00000, 0x0000000086c00000, 0x0000000086d00000|  0%| F|  |TAMS 0x0000000086c00000, 0x0000000086c00000| Untracked 
| 109|0x0000000086d00000, 0x0000000086d00000, 0x0000000086e00000|  0%| F|  |TAMS 0x0000000086d00000, 0x0000000086d00000| Untracked 
| 110|0x0000000086e00000, 0x0000000086e00000, 0x0000000086f00000|  0%| F|  |TAMS 0x0000000086e00000, 0x0000000086e00000| Untracked 
| 111|0x0000000086f00000, 0x0000000086f00000, 0x0000000087000000|  0%| F|  |TAMS 0x0000000086f00000, 0x0000000086f00000| Untracked 
| 112|0x0000000087000000, 0x0000000087000000, 0x0000000087100000|  0%| F|  |TAMS 0x0000000087000000, 0x0000000087000000| Untracked 
| 113|0x0000000087100000, 0x0000000087100000, 0x0000000087200000|  0%| F|  |TAMS 0x0000000087100000, 0x0000000087100000| Untracked 
| 114|0x0000000087200000, 0x0000000087200000, 0x0000000087300000|  0%| F|  |TAMS 0x0000000087200000, 0x0000000087200000| Untracked 
| 115|0x0000000087300000, 0x0000000087300000, 0x0000000087400000|  0%| F|  |TAMS 0x0000000087300000, 0x0000000087300000| Untracked 
| 116|0x0000000087400000, 0x0000000087400000, 0x0000000087500000|  0%| F|  |TAMS 0x0000000087400000, 0x0000000087400000| Untracked 
| 117|0x0000000087500000, 0x0000000087500000, 0x0000000087600000|  0%| F|  |TAMS 0x0000000087500000, 0x0000000087500000| Untracked 
| 118|0x0000000087600000, 0x0000000087600000, 0x0000000087700000|  0%| F|  |TAMS 0x0000000087600000, 0x0000000087600000| Untracked 
| 119|0x0000000087700000, 0x00000000877bdc90, 0x0000000087800000| 74%| S|CS|TAMS 0x0000000087700000, 0x0000000087700000| Complete 
| 120|0x0000000087800000, 0x0000000087900000, 0x0000000087900000|100%| S|CS|TAMS 0x0000000087800000, 0x0000000087800000| Complete 
| 121|0x0000000087900000, 0x0000000087a00000, 0x0000000087a00000|100%| S|CS|TAMS 0x0000000087900000, 0x0000000087900000| Complete 
| 122|0x0000000087a00000, 0x0000000087b00000, 0x0000000087b00000|100%| S|CS|TAMS 0x0000000087a00000, 0x0000000087a00000| Complete 
| 123|0x0000000087b00000, 0x0000000087c00000, 0x0000000087c00000|100%| S|CS|TAMS 0x0000000087b00000, 0x0000000087b00000| Complete 
| 124|0x0000000087c00000, 0x0000000087c00000, 0x0000000087d00000|  0%| F|  |TAMS 0x0000000087c00000, 0x0000000087c00000| Untracked 
| 125|0x0000000087d00000, 0x0000000087d00000, 0x0000000087e00000|  0%| F|  |TAMS 0x0000000087d00000, 0x0000000087d00000| Untracked 
| 126|0x0000000087e00000, 0x0000000087e00000, 0x0000000087f00000|  0%| F|  |TAMS 0x0000000087e00000, 0x0000000087e00000| Untracked 
| 127|0x0000000087f00000, 0x0000000087f00000, 0x0000000088000000|  0%| F|  |TAMS 0x0000000087f00000, 0x0000000087f00000| Untracked 
| 128|0x0000000088000000, 0x0000000088000000, 0x0000000088100000|  0%| F|  |TAMS 0x0000000088000000, 0x0000000088000000| Untracked 
| 129|0x0000000088100000, 0x0000000088100000, 0x0000000088200000|  0%| F|  |TAMS 0x0000000088100000, 0x0000000088100000| Untracked 
| 130|0x0000000088200000, 0x0000000088200000, 0x0000000088300000|  0%| F|  |TAMS 0x0000000088200000, 0x0000000088200000| Untracked 
| 131|0x0000000088300000, 0x0000000088300000, 0x0000000088400000|  0%| F|  |TAMS 0x0000000088300000, 0x0000000088300000| Untracked 
| 132|0x0000000088400000, 0x0000000088400000, 0x0000000088500000|  0%| F|  |TAMS 0x0000000088400000, 0x0000000088400000| Untracked 
| 133|0x0000000088500000, 0x0000000088500000, 0x0000000088600000|  0%| F|  |TAMS 0x0000000088500000, 0x0000000088500000| Untracked 
| 134|0x0000000088600000, 0x0000000088600000, 0x0000000088700000|  0%| F|  |TAMS 0x0000000088600000, 0x0000000088600000| Untracked 
| 135|0x0000000088700000, 0x0000000088700000, 0x0000000088800000|  0%| F|  |TAMS 0x0000000088700000, 0x0000000088700000| Untracked 
| 136|0x0000000088800000, 0x0000000088800000, 0x0000000088900000|  0%| F|  |TAMS 0x0000000088800000, 0x0000000088800000| Untracked 
| 137|0x0000000088900000, 0x0000000088900000, 0x0000000088a00000|  0%| F|  |TAMS 0x0000000088900000, 0x0000000088900000| Untracked 
| 138|0x0000000088a00000, 0x0000000088a00000, 0x0000000088b00000|  0%| F|  |TAMS 0x0000000088a00000, 0x0000000088a00000| Untracked 
| 139|0x0000000088b00000, 0x0000000088b00000, 0x0000000088c00000|  0%| F|  |TAMS 0x0000000088b00000, 0x0000000088b00000| Untracked 
| 140|0x0000000088c00000, 0x0000000088c00000, 0x0000000088d00000|  0%| F|  |TAMS 0x0000000088c00000, 0x0000000088c00000| Untracked 
| 141|0x0000000088d00000, 0x0000000088d00000, 0x0000000088e00000|  0%| F|  |TAMS 0x0000000088d00000, 0x0000000088d00000| Untracked 
| 142|0x0000000088e00000, 0x0000000088e00000, 0x0000000088f00000|  0%| F|  |TAMS 0x0000000088e00000, 0x0000000088e00000| Untracked 
| 143|0x0000000088f00000, 0x0000000088f00000, 0x0000000089000000|  0%| F|  |TAMS 0x0000000088f00000, 0x0000000088f00000| Untracked 
| 144|0x0000000089000000, 0x0000000089000000, 0x0000000089100000|  0%| F|  |TAMS 0x0000000089000000, 0x0000000089000000| Untracked 
| 145|0x0000000089100000, 0x0000000089100000, 0x0000000089200000|  0%| F|  |TAMS 0x0000000089100000, 0x0000000089100000| Untracked 
| 146|0x0000000089200000, 0x0000000089200000, 0x0000000089300000|  0%| F|  |TAMS 0x0000000089200000, 0x0000000089200000| Untracked 
| 147|0x0000000089300000, 0x0000000089300000, 0x0000000089400000|  0%| F|  |TAMS 0x0000000089300000, 0x0000000089300000| Untracked 
| 148|0x0000000089400000, 0x0000000089400000, 0x0000000089500000|  0%| F|  |TAMS 0x0000000089400000, 0x0000000089400000| Untracked 
| 149|0x0000000089500000, 0x0000000089500000, 0x0000000089600000|  0%| F|  |TAMS 0x0000000089500000, 0x0000000089500000| Untracked 
| 150|0x0000000089600000, 0x0000000089600000, 0x0000000089700000|  0%| F|  |TAMS 0x0000000089600000, 0x0000000089600000| Untracked 
| 151|0x0000000089700000, 0x0000000089700000, 0x0000000089800000|  0%| F|  |TAMS 0x0000000089700000, 0x0000000089700000| Untracked 
| 152|0x0000000089800000, 0x0000000089800000, 0x0000000089900000|  0%| F|  |TAMS 0x0000000089800000, 0x0000000089800000| Untracked 
| 153|0x0000000089900000, 0x0000000089900000, 0x0000000089a00000|  0%| F|  |TAMS 0x0000000089900000, 0x0000000089900000| Untracked 
| 154|0x0000000089a00000, 0x0000000089a00000, 0x0000000089b00000|  0%| F|  |TAMS 0x0000000089a00000, 0x0000000089a00000| Untracked 
| 155|0x0000000089b00000, 0x0000000089b00000, 0x0000000089c00000|  0%| F|  |TAMS 0x0000000089b00000, 0x0000000089b00000| Untracked 
| 156|0x0000000089c00000, 0x0000000089c00000, 0x0000000089d00000|  0%| F|  |TAMS 0x0000000089c00000, 0x0000000089c00000| Untracked 
| 157|0x0000000089d00000, 0x0000000089d00000, 0x0000000089e00000|  0%| F|  |TAMS 0x0000000089d00000, 0x0000000089d00000| Untracked 
| 158|0x0000000089e00000, 0x0000000089e00000, 0x0000000089f00000|  0%| F|  |TAMS 0x0000000089e00000, 0x0000000089e00000| Untracked 
| 159|0x0000000089f00000, 0x0000000089f00000, 0x000000008a000000|  0%| F|  |TAMS 0x0000000089f00000, 0x0000000089f00000| Untracked 
| 160|0x000000008a000000, 0x000000008a000000, 0x000000008a100000|  0%| F|  |TAMS 0x000000008a000000, 0x000000008a000000| Untracked 
| 161|0x000000008a100000, 0x000000008a100000, 0x000000008a200000|  0%| F|  |TAMS 0x000000008a100000, 0x000000008a100000| Untracked 
| 162|0x000000008a200000, 0x000000008a200000, 0x000000008a300000|  0%| F|  |TAMS 0x000000008a200000, 0x000000008a200000| Untracked 
| 163|0x000000008a300000, 0x000000008a300000, 0x000000008a400000|  0%| F|  |TAMS 0x000000008a300000, 0x000000008a300000| Untracked 
| 164|0x000000008a400000, 0x000000008a400000, 0x000000008a500000|  0%| F|  |TAMS 0x000000008a400000, 0x000000008a400000| Untracked 
| 165|0x000000008a500000, 0x000000008a500000, 0x000000008a600000|  0%| F|  |TAMS 0x000000008a500000, 0x000000008a500000| Untracked 
| 166|0x000000008a600000, 0x000000008a600000, 0x000000008a700000|  0%| F|  |TAMS 0x000000008a600000, 0x000000008a600000| Untracked 
| 167|0x000000008a700000, 0x000000008a700000, 0x000000008a800000|  0%| F|  |TAMS 0x000000008a700000, 0x000000008a700000| Untracked 
| 168|0x000000008a800000, 0x000000008a8fef28, 0x000000008a900000| 99%| E|  |TAMS 0x000000008a800000, 0x000000008a800000| Complete 
| 169|0x000000008a900000, 0x000000008aa00000, 0x000000008aa00000|100%| E|CS|TAMS 0x000000008a900000, 0x000000008a900000| Complete 
| 170|0x000000008aa00000, 0x000000008ab00000, 0x000000008ab00000|100%| E|CS|TAMS 0x000000008aa00000, 0x000000008aa00000| Complete 
| 171|0x000000008ab00000, 0x000000008ac00000, 0x000000008ac00000|100%| E|CS|TAMS 0x000000008ab00000, 0x000000008ab00000| Complete 
| 172|0x000000008ac00000, 0x000000008ad00000, 0x000000008ad00000|100%| E|CS|TAMS 0x000000008ac00000, 0x000000008ac00000| Complete 
| 173|0x000000008ad00000, 0x000000008ae00000, 0x000000008ae00000|100%| E|CS|TAMS 0x000000008ad00000, 0x000000008ad00000| Complete 
| 174|0x000000008ae00000, 0x000000008af00000, 0x000000008af00000|100%| E|CS|TAMS 0x000000008ae00000, 0x000000008ae00000| Complete 
| 175|0x000000008af00000, 0x000000008b000000, 0x000000008b000000|100%| E|CS|TAMS 0x000000008af00000, 0x000000008af00000| Complete 
| 176|0x000000008b000000, 0x000000008b100000, 0x000000008b100000|100%| E|CS|TAMS 0x000000008b000000, 0x000000008b000000| Complete 
| 177|0x000000008b100000, 0x000000008b200000, 0x000000008b200000|100%| E|CS|TAMS 0x000000008b100000, 0x000000008b100000| Complete 
| 178|0x000000008b200000, 0x000000008b300000, 0x000000008b300000|100%| E|CS|TAMS 0x000000008b200000, 0x000000008b200000| Complete 

Card table byte_map: [0x000001ae997f0000,0x000001ae99bf0000] _byte_map_base: 0x000001ae993f0000

Marking Bits (Prev, Next): (CMBitMap*) 0x000001ae86672b68, (CMBitMap*) 0x000001ae86672ba0
 Prev Bits: [0x000001ae99ff0000, 0x000001ae9bff0000)
 Next Bits: [0x000001ae9bff0000, 0x000001ae9dff0000)

Polling page: 0x000001ae85db0000

Metaspace:

Usage:
  Non-class:     87.29 MB capacity,    85.80 MB ( 98%) used,     1.24 MB (  1%) free+waste,   253.56 KB ( <1%) overhead. 
      Class:     13.28 MB capacity,    12.48 MB ( 94%) used,   707.16 KB (  5%) free+waste,   115.13 KB ( <1%) overhead. 
       Both:    100.57 MB capacity,    98.27 MB ( 98%) used,     1.94 MB (  2%) free+waste,   368.69 KB ( <1%) overhead. 

Virtual space:
  Non-class space:       88.00 MB reserved,      87.49 MB (>99%) committed 
      Class space:        1.00 GB reserved,      13.38 MB (  1%) committed 
             Both:        1.09 GB reserved,     100.87 MB (  9%) committed 

Chunk freelists:
   Non-Class:  17.00 KB
       Class:  1.00 KB
        Both:  18.00 KB

MaxMetaspaceSize: 17179869184.00 GB
CompressedClassSpaceSize: 1.00 GB

CodeHeap 'non-profiled nmethods': size=120000Kb used=8734Kb max_used=8734Kb free=111265Kb
 bounds [0x000001ae91b90000, 0x000001ae92420000, 0x000001ae990c0000]
CodeHeap 'profiled nmethods': size=120000Kb used=28572Kb max_used=28572Kb free=91427Kb
 bounds [0x000001ae8a660000, 0x000001ae8c250000, 0x000001ae91b90000]
CodeHeap 'non-nmethods': size=5760Kb used=2309Kb max_used=2354Kb free=3450Kb
 bounds [0x000001ae8a0c0000, 0x000001ae8a330000, 0x000001ae8a660000]
 total_blobs=13008 nmethods=12080 adapters=839
 compilation: enabled
              stopped_count=0, restarted_count=0
 full_count=0

Compilation events (20 events):
Event: 60.266 Thread 0x000001aea13d1800 12195   !   3       org.gradle.internal.concurrent.ManagedExecutorImpl$1::run (57 bytes)
Event: 60.267 Thread 0x000001aeacf81800 nmethod 12196 0x000001ae92414e10 code [0x000001ae92414fa0, 0x000001ae924150f8]
Event: 60.267 Thread 0x000001aea13d1800 nmethod 12195 0x000001ae8c242110 code [0x000001ae8c242560, 0x000001ae8c2441d8]
Event: 61.485 Thread 0x000001aeacf7e000 12197       4       org.gradle.internal.logging.text.AbstractLineChoppingStyledTextOutput$1::execute (130 bytes)
Event: 61.485 Thread 0x000001aea13ce800 12198       4       org.gradle.internal.logging.text.AbstractLineChoppingStyledTextOutput$2::execute (73 bytes)
Event: 61.490 Thread 0x000001aea13ce800 nmethod 12198 0x000001ae92415990 code [0x000001ae92415b60, 0x000001ae92415fa8]
Event: 61.490 Thread 0x000001aeacf7e000 nmethod 12197 0x000001ae92416410 code [0x000001ae92416600, 0x000001ae92416c08]
Event: 61.807 Thread 0x000001aea13d1800 12203       1       org.gradle.launcher.daemon.server.health.gc.GarbageCollectionEvent::getUsage (5 bytes)
Event: 61.807 Thread 0x000001aea13d1800 nmethod 12203 0x000001ae92417110 code [0x000001ae924172c0, 0x000001ae92417378]
Event: 65.546 Thread 0x000001aea13ce800 12204       4       java.util.Formatter$Flags::contains (22 bytes)
Event: 65.546 Thread 0x000001aea13ce800 nmethod 12204 0x000001ae92417890 code [0x000001ae92417a20, 0x000001ae92417a98]
Event: 67.581 Thread 0x000001aea13d1800 12206       3       java.io.Writer::write (11 bytes)
Event: 67.581 Thread 0x000001aea13d1800 nmethod 12206 0x000001ae8c245110 code [0x000001ae8c2452e0, 0x000001ae8c2455a8]
Event: 67.581 Thread 0x000001aea13d1800 12207       3       java.io.OutputStreamWriter::flushBuffer (8 bytes)
Event: 67.581 Thread 0x000001aea13d1800 nmethod 12207 0x000001ae8c245710 code [0x000001ae8c2458c0, 0x000001ae8c2459e8]
Event: 67.583 Thread 0x000001aea13d1800 12208       3       java.util.regex.Pattern$CharPropertyGreedy::match (122 bytes)
Event: 67.584 Thread 0x000001aea13d1800 nmethod 12208 0x000001ae8c245a90 code [0x000001ae8c245cc0, 0x000001ae8c246478]
Event: 67.584 Thread 0x000001aea13d1800 12210       3       sun.net.util.IPAddressUtil::match (50 bytes)
Event: 67.584 Thread 0x000001aea13d1800 nmethod 12210 0x000001ae8c246710 code [0x000001ae8c2468c0, 0x000001ae8c246b38]
Event: 67.584 Thread 0x000001aea13d1800 12209       3       java.util.regex.Pattern$CharPredicate::lambda$negate$3 (16 bytes)

GC Heap History (20 events):
Event: 13.758 GC heap before
{Heap before GC invocations=15 (full 0):
 garbage-first heap   total 183296K, used 136689K [0x0000000080000000, 0x0000000100000000)
  region size 1024K, 79 young (80896K), 7 survivors (7168K)
 Metaspace       used 63758K, capacity 65375K, committed 65536K, reserved 1105920K
  class space    used 8023K, capacity 8588K, committed 8704K, reserved 1048576K
}
Event: 13.766 GC heap after
{Heap after GC invocations=16 (full 0):
 garbage-first heap   total 183296K, used 64909K [0x0000000080000000, 0x0000000100000000)
  region size 1024K, 3 young (3072K), 3 survivors (3072K)
 Metaspace       used 63758K, capacity 65375K, committed 65536K, reserved 1105920K
  class space    used 8023K, capacity 8588K, committed 8704K, reserved 1048576K
}
Event: 18.263 GC heap before
{Heap before GC invocations=16 (full 0):
 garbage-first heap   total 183296K, used 142733K [0x0000000080000000, 0x0000000100000000)
  region size 1024K, 80 young (81920K), 3 survivors (3072K)
 Metaspace       used 64792K, capacity 66491K, committed 66816K, reserved 1107968K
  class space    used 8054K, capacity 8610K, committed 8704K, reserved 1048576K
}
Event: 18.269 GC heap after
{Heap after GC invocations=17 (full 0):
 garbage-first heap   total 183296K, used 65174K [0x0000000080000000, 0x0000000100000000)
  region size 1024K, 4 young (4096K), 4 survivors (4096K)
 Metaspace       used 64792K, capacity 66491K, committed 66816K, reserved 1107968K
  class space    used 8054K, capacity 8610K, committed 8704K, reserved 1048576K
}
Event: 18.819 GC heap before
{Heap before GC invocations=17 (full 0):
 garbage-first heap   total 183296K, used 104086K [0x0000000080000000, 0x0000000100000000)
  region size 1024K, 36 young (36864K), 4 survivors (4096K)
 Metaspace       used 66832K, capacity 68658K, committed 68864K, reserved 1110016K
  class space    used 8334K, capacity 8940K, committed 8960K, reserved 1048576K
}
Event: 18.831 GC heap after
{Heap after GC invocations=18 (full 0):
 garbage-first heap   total 183296K, used 80344K [0x0000000080000000, 0x0000000100000000)
  region size 1024K, 11 young (11264K), 11 survivors (11264K)
 Metaspace       used 66832K, capacity 68658K, committed 68864K, reserved 1110016K
  class space    used 8334K, capacity 8940K, committed 8960K, reserved 1048576K
}
Event: 20.187 GC heap before
{Heap before GC invocations=19 (full 0):
 garbage-first heap   total 183296K, used 144856K [0x0000000080000000, 0x0000000100000000)
  region size 1024K, 75 young (76800K), 11 survivors (11264K)
 Metaspace       used 74928K, capacity 76859K, committed 77048K, reserved 1116160K
  class space    used 9328K, capacity 9982K, committed 9984K, reserved 1048576K
}
Event: 20.204 GC heap after
{Heap after GC invocations=20 (full 0):
 garbage-first heap   total 183296K, used 85845K [0x0000000080000000, 0x0000000100000000)
  region size 1024K, 6 young (6144K), 6 survivors (6144K)
 Metaspace       used 74928K, capacity 76859K, committed 77048K, reserved 1116160K
  class space    used 9328K, capacity 9982K, committed 9984K, reserved 1048576K
}
Event: 21.317 GC heap before
{Heap before GC invocations=21 (full 0):
 garbage-first heap   total 183296K, used 148309K [0x0000000080000000, 0x0000000100000000)
  region size 1024K, 66 young (67584K), 6 survivors (6144K)
 Metaspace       used 80710K, capacity 82671K, committed 82936K, reserved 1122304K
  class space    used 10066K, capacity 10734K, committed 10752K, reserved 1048576K
}
Event: 21.324 GC heap after
{Heap after GC invocations=22 (full 0):
 garbage-first heap   total 183296K, used 87481K [0x0000000080000000, 0x0000000100000000)
  region size 1024K, 4 young (4096K), 4 survivors (4096K)
 Metaspace       used 80710K, capacity 82671K, committed 82936K, reserved 1122304K
  class space    used 10066K, capacity 10734K, committed 10752K, reserved 1048576K
}
Event: 22.131 GC heap before
{Heap before GC invocations=22 (full 0):
 garbage-first heap   total 183296K, used 148921K [0x0000000080000000, 0x0000000100000000)
  region size 1024K, 64 young (65536K), 4 survivors (4096K)
 Metaspace       used 85036K, capacity 87020K, committed 87288K, reserved 1124352K
  class space    used 10757K, capacity 11458K, committed 11520K, reserved 1048576K
}
Event: 22.149 GC heap after
{Heap after GC invocations=23 (full 0):
 garbage-first heap   total 183296K, used 92659K [0x0000000080000000, 0x0000000100000000)
  region size 1024K, 8 young (8192K), 8 survivors (8192K)
 Metaspace       used 85036K, capacity 87020K, committed 87288K, reserved 1124352K
  class space    used 10757K, capacity 11458K, committed 11520K, reserved 1048576K
}
Event: 23.161 GC heap before
{Heap before GC invocations=24 (full 0):
 garbage-first heap   total 183296K, used 150003K [0x0000000080000000, 0x0000000100000000)
  region size 1024K, 64 young (65536K), 8 survivors (8192K)
 Metaspace       used 89921K, capacity 92055K, committed 92408K, reserved 1130496K
  class space    used 11456K, capacity 12189K, committed 12288K, reserved 1048576K
}
Event: 23.175 GC heap after
{Heap after GC invocations=25 (full 0):
 garbage-first heap   total 183296K, used 96228K [0x0000000080000000, 0x0000000100000000)
  region size 1024K, 4 young (4096K), 4 survivors (4096K)
 Metaspace       used 89921K, capacity 92055K, committed 92408K, reserved 1130496K
  class space    used 11456K, capacity 12189K, committed 12288K, reserved 1048576K
}
Event: 58.001 GC heap before
{Heap before GC invocations=25 (full 0):
 garbage-first heap   total 183296K, used 151524K [0x0000000080000000, 0x0000000100000000)
  region size 1024K, 58 young (59392K), 4 survivors (4096K)
 Metaspace       used 91994K, capacity 94160K, committed 94456K, reserved 1130496K
  class space    used 11687K, capacity 12433K, committed 12544K, reserved 1048576K
}
Event: 58.009 GC heap after
{Heap after GC invocations=26 (full 0):
 garbage-first heap   total 183296K, used 98650K [0x0000000080000000, 0x0000000100000000)
  region size 1024K, 6 young (6144K), 6 survivors (6144K)
 Metaspace       used 91994K, capacity 94160K, committed 94456K, reserved 1130496K
  class space    used 11687K, capacity 12433K, committed 12544K, reserved 1048576K
}
Event: 58.515 GC heap before
{Heap before GC invocations=27 (full 0):
 garbage-first heap   total 183296K, used 143706K [0x0000000080000000, 0x0000000100000000)
  region size 1024K, 52 young (53248K), 6 survivors (6144K)
 Metaspace       used 95331K, capacity 97629K, committed 97656K, reserved 1134592K
  class space    used 12139K, capacity 12926K, committed 12928K, reserved 1048576K
}
Event: 58.529 GC heap after
{Heap after GC invocations=28 (full 0):
 garbage-first heap   total 183296K, used 101787K [0x0000000080000000, 0x0000000100000000)
  region size 1024K, 6 young (6144K), 6 survivors (6144K)
 Metaspace       used 95331K, capacity 97629K, committed 97656K, reserved 1134592K
  class space    used 12139K, capacity 12926K, committed 12928K, reserved 1048576K
}
Event: 59.326 GC heap before
{Heap before GC invocations=29 (full 0):
 garbage-first heap   total 183296K, used 152987K [0x0000000080000000, 0x0000000100000000)
  region size 1024K, 55 young (56320K), 6 survivors (6144K)
 Metaspace       used 100272K, capacity 102583K, committed 102776K, reserved 1138688K
  class space    used 12743K, capacity 13581K, committed 13696K, reserved 1048576K
}
Event: 59.336 GC heap after
{Heap after GC invocations=30 (full 0):
 garbage-first heap   total 183296K, used 103149K [0x0000000080000000, 0x0000000100000000)
  region size 1024K, 5 young (5120K), 5 survivors (5120K)
 Metaspace       used 100272K, capacity 102583K, committed 102776K, reserved 1138688K
  class space    used 12743K, capacity 13581K, committed 13696K, reserved 1048576K
}

Deoptimization events (20 events):
Event: 59.429 Thread 0x000001aea3645800 Uncommon trap: trap_request=0xffffff4d fr.pc=0x000001ae923a9658 relative=0x00000000000004d8
Event: 59.429 Thread 0x000001aea3645800 Uncommon trap: reason=unstable_if action=reinterpret pc=0x000001ae923a9658 method=java.util.regex.Pattern$CharPropertyGreedy.match(Ljava/util/regex/Matcher;ILjava/lang/CharSequence;)Z @ 70 c2
Event: 59.429 Thread 0x000001aea3645800 DEOPT PACKING pc=0x000001ae923a9658 sp=0x0000007a61af9500
Event: 59.429 Thread 0x000001aea3645800 DEOPT UNPACKING pc=0x000001ae8a0e78af sp=0x0000007a61af9490 mode 2
Event: 61.485 Thread 0x000001aea3645800 Uncommon trap: trap_request=0xffffffde fr.pc=0x000001ae92360ad0 relative=0x0000000000001890
Event: 61.485 Thread 0x000001aea3645800 Uncommon trap: reason=class_check action=maybe_recompile pc=0x000001ae92360ad0 method=org.gradle.internal.logging.sink.OutputEventTransformer.onOutput(Lorg/gradle/internal/logging/events/OutputEvent;)V @ 287 c2
Event: 61.485 Thread 0x000001aea3645800 DEOPT PACKING pc=0x000001ae92360ad0 sp=0x0000007a61af9110
Event: 61.485 Thread 0x000001aea3645800 DEOPT UNPACKING pc=0x000001ae8a0e78af sp=0x0000007a61af90f8 mode 2
Event: 61.485 Thread 0x000001aea3645800 Uncommon trap: trap_request=0xffffffde fr.pc=0x000001ae92360ad0 relative=0x0000000000001890
Event: 61.485 Thread 0x000001aea3645800 Uncommon trap: reason=class_check action=maybe_recompile pc=0x000001ae92360ad0 method=org.gradle.internal.logging.sink.OutputEventTransformer.onOutput(Lorg/gradle/internal/logging/events/OutputEvent;)V @ 287 c2
Event: 61.485 Thread 0x000001aea3645800 DEOPT PACKING pc=0x000001ae92360ad0 sp=0x0000007a61af9110
Event: 61.485 Thread 0x000001aea3645800 DEOPT UNPACKING pc=0x000001ae8a0e78af sp=0x0000007a61af90f8 mode 2
Event: 67.583 Thread 0x000001aeacd75000 Uncommon trap: trap_request=0xffffffde fr.pc=0x000001ae92359048 relative=0x00000000000000e8
Event: 67.583 Thread 0x000001aeacd75000 Uncommon trap: reason=class_check action=maybe_recompile pc=0x000001ae92359048 method=java.lang.ThreadLocal.setInitialValue()Ljava/lang/Object; @ 31 c2
Event: 67.583 Thread 0x000001aeacd75000 DEOPT PACKING pc=0x000001ae92359048 sp=0x0000007a5fdfe170
Event: 67.583 Thread 0x000001aeacd75000 DEOPT UNPACKING pc=0x000001ae8a0e78af sp=0x0000007a5fdfe0f0 mode 2
Event: 67.583 Thread 0x000001aeacd76000 Uncommon trap: trap_request=0xffffffde fr.pc=0x000001ae92359048 relative=0x00000000000000e8
Event: 67.583 Thread 0x000001aeacd76000 Uncommon trap: reason=class_check action=maybe_recompile pc=0x000001ae92359048 method=java.lang.ThreadLocal.setInitialValue()Ljava/lang/Object; @ 31 c2
Event: 67.583 Thread 0x000001aeacd76000 DEOPT PACKING pc=0x000001ae92359048 sp=0x0000007a5fefe770
Event: 67.583 Thread 0x000001aeacd76000 DEOPT UNPACKING pc=0x000001ae8a0e78af sp=0x0000007a5fefe6f0 mode 2

Classes redefined (0 events):
No events

Internal exceptions (20 events):
Event: 63.511 Thread 0x000001aea3645800 Exception <a 'sun/nio/fs/WindowsException'{0x000000008a9c41e0}> (0x000000008a9c41e0) thrown at [./src/hotspot/share/prims/jni.cpp, line 615]
Event: 63.511 Thread 0x000001aea3645800 Exception <a 'sun/nio/fs/WindowsException'{0x000000008a9c6450}> (0x000000008a9c6450) thrown at [./src/hotspot/share/prims/jni.cpp, line 615]
Event: 63.511 Thread 0x000001aea3645800 Exception <a 'sun/nio/fs/WindowsException'{0x000000008a9c76a0}> (0x000000008a9c76a0) thrown at [./src/hotspot/share/prims/jni.cpp, line 615]
Event: 65.545 Thread 0x000001aea3645800 Exception <a 'java/net/ConnectException'{0x000000008a9d9118}: Connection refused: connect> (0x000000008a9d9118) thrown at [./src/hotspot/share/prims/jni.cpp, line 636]
Event: 65.545 Thread 0x000001aea3645800 Exception <a 'java/security/PrivilegedActionException'{0x000000008a9da158}> (0x000000008a9da158) thrown at [./src/hotspot/share/prims/jvm.cpp, line 1306]
Event: 65.546 Thread 0x000001aea3645800 Exception <a 'sun/nio/fs/WindowsException'{0x000000008a9dd918}> (0x000000008a9dd918) thrown at [./src/hotspot/share/prims/jni.cpp, line 615]
Event: 65.546 Thread 0x000001aea3645800 Exception <a 'sun/nio/fs/WindowsException'{0x000000008a9dda38}> (0x000000008a9dda38) thrown at [./src/hotspot/share/prims/jni.cpp, line 615]
Event: 65.546 Thread 0x000001aea3645800 Exception <a 'sun/nio/fs/WindowsException'{0x000000008a9dfca8}> (0x000000008a9dfca8) thrown at [./src/hotspot/share/prims/jni.cpp, line 615]
Event: 65.546 Thread 0x000001aea3645800 Exception <a 'sun/nio/fs/WindowsException'{0x000000008a9e0ef8}> (0x000000008a9e0ef8) thrown at [./src/hotspot/share/prims/jni.cpp, line 615]
Event: 67.580 Thread 0x000001aea3645800 Exception <a 'java/net/ConnectException'{0x000000008a9f2970}: Connection refused: connect> (0x000000008a9f2970) thrown at [./src/hotspot/share/prims/jni.cpp, line 636]
Event: 67.581 Thread 0x000001aea3645800 Exception <a 'java/security/PrivilegedActionException'{0x000000008a9f39b0}> (0x000000008a9f39b0) thrown at [./src/hotspot/share/prims/jvm.cpp, line 1306]
Event: 67.582 Thread 0x000001aea3645800 Exception <a 'sun/nio/fs/WindowsException'{0x000000008a9f8078}> (0x000000008a9f8078) thrown at [./src/hotspot/share/prims/jni.cpp, line 615]
Event: 67.583 Thread 0x000001aeacd76000 Exception <a 'sun/nio/fs/WindowsException'{0x000000008a8dad08}> (0x000000008a8dad08) thrown at [./src/hotspot/share/prims/jni.cpp, line 615]
Event: 67.583 Thread 0x000001aeacd75000 Exception <a 'sun/nio/fs/WindowsException'{0x000000008a8b6f58}> (0x000000008a8b6f58) thrown at [./src/hotspot/share/prims/jni.cpp, line 615]
Event: 67.583 Thread 0x000001aeacd76000 Exception <a 'sun/nio/fs/WindowsException'{0x000000008a8dae10}> (0x000000008a8dae10) thrown at [./src/hotspot/share/prims/jni.cpp, line 615]
Event: 67.583 Thread 0x000001aeacd75000 Exception <a 'sun/nio/fs/WindowsException'{0x000000008a8b7060}> (0x000000008a8b7060) thrown at [./src/hotspot/share/prims/jni.cpp, line 615]
Event: 67.583 Thread 0x000001aeacd76000 Exception <a 'sun/nio/fs/WindowsException'{0x000000008a8db5f0}> (0x000000008a8db5f0) thrown at [./src/hotspot/share/prims/jni.cpp, line 615]
Event: 67.583 Thread 0x000001aeacd76000 Exception <a 'sun/nio/fs/WindowsException'{0x000000008a8dbaf8}> (0x000000008a8dbaf8) thrown at [./src/hotspot/share/prims/jni.cpp, line 615]
Event: 67.583 Thread 0x000001aeacd75000 Exception <a 'sun/nio/fs/WindowsException'{0x000000008a8b7840}> (0x000000008a8b7840) thrown at [./src/hotspot/share/prims/jni.cpp, line 615]
Event: 67.584 Thread 0x000001aeacd75000 Exception <a 'sun/nio/fs/WindowsException'{0x000000008a8b7d48}> (0x000000008a8b7d48) thrown at [./src/hotspot/share/prims/jni.cpp, line 615]

Events (20 events):
Event: 67.581 loading class com/android/repository/api/ProgressIndicator
Event: 67.581 loading class com/android/repository/api/ProgressIndicator done
Event: 67.582 loading class java/util/concurrent/ConcurrentHashMap$KeySpliterator
Event: 67.582 loading class java/util/concurrent/ConcurrentHashMap$KeySpliterator done
Event: 67.582 loading class com/android/repository/api/ProgressIndicator
Event: 67.582 loading class com/android/repository/api/ProgressIndicator done
Event: 67.582 loading class com/android/repository/api/ProgressIndicator
Event: 67.582 loading class com/android/repository/api/ProgressIndicator done
Event: 67.582 loading class com/android/repository/impl/manager/RemoteRepoLoaderImpl$LoggingOnlyProgressIndicator
Event: 67.582 loading class com/android/repository/impl/manager/RemoteRepoLoaderImpl$LoggingOnlyProgressIndicator done
Event: 67.582 loading class com/android/repository/api/Downloader
Event: 67.582 loading class com/android/repository/api/Downloader done
Event: 67.582 loading class com/android/repository/api/Downloader
Event: 67.582 loading class com/android/repository/api/Downloader done
Event: 67.583 Thread 0x000001aeacd75000 Thread added: 0x000001aeacd75000
Event: 67.583 Thread 0x000001aeacd76000 Thread added: 0x000001aeacd76000
Event: 67.584 Executing VM operation: RevokeBias
Event: 67.584 Executing coalesced safepoint VM operation: RevokeBias
Event: 67.584 Executing coalesced safepoint VM operation: RevokeBias done
Event: 67.584 Executing VM operation: RevokeBias done


Dynamic libraries:
0x00007ff7a6360000 - 0x00007ff7a636a000 	C:\Program Files\Android\Android Studio1\jre\bin\java.exe
0x00007ffa2d0f0000 - 0x00007ffa2d2e5000 	C:\Windows\SYSTEM32\ntdll.dll
0x00007ffa2b360000 - 0x00007ffa2b41d000 	C:\Windows\System32\KERNEL32.DLL
0x00007ffa2a8f0000 - 0x00007ffa2abb9000 	C:\Windows\System32\KERNELBASE.dll
0x00007ffa23de0000 - 0x00007ffa23e70000 	C:\Windows\SYSTEM32\apphelp.dll
0x00007ff9d2360000 - 0x00007ff9d27f4000 	C:\Windows\SYSTEM32\AcLayers.DLL
0x00007ffa2c200000 - 0x00007ffa2c29e000 	C:\Windows\System32\msvcrt.dll
0x00007ffa2beb0000 - 0x00007ffa2c050000 	C:\Windows\System32\USER32.dll
0x00007ffa2a820000 - 0x00007ffa2a842000 	C:\Windows\System32\win32u.dll
0x00007ffa2c8a0000 - 0x00007ffa2c8ca000 	C:\Windows\System32\GDI32.dll
0x00007ffa2acf0000 - 0x00007ffa2adfb000 	C:\Windows\System32\gdi32full.dll
0x00007ffa2a850000 - 0x00007ffa2a8ed000 	C:\Windows\System32\msvcp_win.dll
0x00007ffa2abf0000 - 0x00007ffa2acf0000 	C:\Windows\System32\ucrtbase.dll
0x00007ffa2b4f0000 - 0x00007ffa2b545000 	C:\Windows\System32\SHLWAPI.dll
0x00007ffa2c510000 - 0x00007ffa2c5bc000 	C:\Windows\System32\ADVAPI32.dll
0x00007ffa2b2c0000 - 0x00007ffa2b35b000 	C:\Windows\System32\sechost.dll
0x00007ffa2c0d0000 - 0x00007ffa2c1fa000 	C:\Windows\System32\RPCRT4.dll
0x000001ae842c0000 - 0x000001ae842c3000 	C:\Windows\SYSTEM32\sfc.dll
0x00007ffa011f0000 - 0x00007ffa0127e000 	C:\Windows\SYSTEM32\WINSPOOL.DRV
0x00007ffa0e460000 - 0x00007ffa0e472000 	C:\Windows\SYSTEM32\sfc_os.DLL
0x00007ffa2bdb0000 - 0x00007ffa2bde0000 	C:\Windows\System32\IMM32.DLL
0x00007ff9fd130000 - 0x00007ff9fd147000 	C:\Program Files\Android\Android Studio1\jre\bin\VCRUNTIME140.dll
0x00007ffa24440000 - 0x00007ffa24459000 	C:\Program Files\Android\Android Studio1\jre\bin\jli.dll
0x00007ffa12050000 - 0x00007ffa122ea000 	C:\Windows\WinSxS\amd64_microsoft.windows.common-controls_6595b64144ccf1df_6.0.19041.1110_none_60b5254171f9507e\COMCTL32.dll
0x00007ff9e2b50000 - 0x00007ff9e2bed000 	C:\Program Files\Android\Android Studio1\jre\bin\msvcp140.dll
0x00007ff9c3dc0000 - 0x00007ff9c488f000 	C:\Program Files\Android\Android Studio1\jre\bin\server\jvm.dll
0x00007ffa2b420000 - 0x00007ffa2b428000 	C:\Windows\System32\PSAPI.DLL
0x00007ffa0e6e0000 - 0x00007ffa0e6e9000 	C:\Windows\SYSTEM32\WSOCK32.dll
0x00007ffa18040000 - 0x00007ffa1804a000 	C:\Windows\SYSTEM32\VERSION.dll
0x00007ffa2c050000 - 0x00007ffa2c0bb000 	C:\Windows\System32\WS2_32.dll
0x00007ffa0e670000 - 0x00007ffa0e697000 	C:\Windows\SYSTEM32\WINMM.dll
0x00007ffa290e0000 - 0x00007ffa290f2000 	C:\Windows\SYSTEM32\kernel.appcore.dll
0x00007ffa248e0000 - 0x00007ffa248f1000 	C:\Program Files\Android\Android Studio1\jre\bin\verify.dll
0x00007ffa255c0000 - 0x00007ffa257a4000 	C:\Windows\SYSTEM32\DBGHELP.DLL
0x00007ffa122f0000 - 0x00007ffa1231c000 	C:\Windows\SYSTEM32\dbgcore.DLL
0x00007ffa2ae50000 - 0x00007ffa2aed3000 	C:\Windows\System32\bcryptPrimitives.dll
0x00007ffa244b0000 - 0x00007ffa244d9000 	C:\Program Files\Android\Android Studio1\jre\bin\java.dll
0x00007ffa24910000 - 0x00007ffa2491b000 	C:\Program Files\Android\Android Studio1\jre\bin\jimage.dll
0x00007ffa1b060000 - 0x00007ffa1b078000 	C:\Program Files\Android\Android Studio1\jre\bin\zip.dll
0x00007ffa2b550000 - 0x00007ffa2bc8f000 	C:\Windows\System32\SHELL32.dll
0x00007ffa28910000 - 0x00007ffa290a0000 	C:\Windows\SYSTEM32\windows.storage.dll
0x00007ffa2c8d0000 - 0x00007ffa2cc25000 	C:\Windows\System32\combase.dll
0x00007ffa2a280000 - 0x00007ffa2a2ac000 	C:\Windows\SYSTEM32\Wldp.dll
0x00007ffa2c2a0000 - 0x00007ffa2c34e000 	C:\Windows\System32\SHCORE.dll
0x00007ffa2a760000 - 0x00007ffa2a77f000 	C:\Windows\SYSTEM32\profapi.dll
0x00007ffa14d60000 - 0x00007ffa14d7a000 	C:\Program Files\Android\Android Studio1\jre\bin\net.dll
0x00007ffa21ba0000 - 0x00007ffa21ca8000 	C:\Windows\SYSTEM32\WINHTTP.dll
0x00007ff9f9800000 - 0x00007ff9f987f000 	C:\Program Files (x86)\WareValley\Chakra Max Client V2\x86_64\nfdbctl64.dll
0x00007ffa2bde0000 - 0x00007ffa2bead000 	C:\Windows\System32\OLEAUT32.dll
0x00007ffa2a6e0000 - 0x00007ffa2a70e000 	C:\Windows\SYSTEM32\USERENV.dll
0x00007ffa2a710000 - 0x00007ffa2a741000 	C:\Windows\SYSTEM32\SspiCli.dll
0x00007ffa249b0000 - 0x00007ffa24a4e000 	C:\Windows\system32\uxtheme.dll
0x00007ffa2c5c0000 - 0x00007ffa2c6ea000 	C:\Windows\System32\ole32.dll
0x00007ffa2ae00000 - 0x00007ffa2ae4e000 	C:\Windows\System32\CFGMGR32.dll
0x00007ffa2c7f0000 - 0x00007ffa2c899000 	C:\Windows\System32\clbcatq.dll
0x00007ffa24b60000 - 0x00007ffa24c56000 	C:\Windows\system32\propsys.dll
0x00007ffa29fe0000 - 0x00007ffa2a04a000 	C:\Windows\system32\mswsock.dll
0x00007ffa098e0000 - 0x00007ffa098f7000 	C:\Windows\system32\napinsp.dll
0x00007ffa09820000 - 0x00007ffa0983b000 	C:\Windows\system32\pnrpnsp.dll
0x00007ffa23e70000 - 0x00007ffa23e85000 	C:\Windows\system32\wshbth.dll
0x00007ffa24420000 - 0x00007ffa2443d000 	C:\Windows\system32\NLAapi.dll
0x00007ffa29c80000 - 0x00007ffa29cbb000 	C:\Windows\SYSTEM32\IPHLPAPI.DLL
0x00007ffa29cc0000 - 0x00007ffa29d8c000 	C:\Windows\SYSTEM32\DNSAPI.dll
0x00007ffa2c0c0000 - 0x00007ffa2c0c8000 	C:\Windows\System32\NSI.dll
0x00007ffa09800000 - 0x00007ffa09812000 	C:\Windows\System32\winrnr.dll
0x00007ffa074c0000 - 0x00007ffa074d4000 	C:\Program Files\Android\Android Studio1\jre\bin\nio.dll
0x00007ffa06f00000 - 0x00007ffa06f27000 	C:\Users\DOIYASUHIRO\.gradle\native\8bec1ad78214c89d9ad589b4d07fe93259594b29d510b10fafb7a158f7737e5d\windows-amd64\native-platform.dll
0x00007ff9e8320000 - 0x00007ff9e845d000 	C:\Users\DOIYASUHIRO\.gradle\native\53dbd7edfb1c66fb8903c78663c9afc45aea4f116125fa6feffd364cf09443e8\windows-amd64\native-platform-file-events.dll
0x00007ffa24500000 - 0x00007ffa2450a000 	C:\Program Files\Android\Android Studio1\jre\bin\management.dll
0x00007ffa21cb0000 - 0x00007ffa21cbc000 	C:\Program Files\Android\Android Studio1\jre\bin\management_ext.dll
0x00007ffa2a1d0000 - 0x00007ffa2a1e8000 	C:\Windows\SYSTEM32\CRYPTSP.dll
0x00007ffa298f0000 - 0x00007ffa29924000 	C:\Windows\system32\rsaenh.dll
0x00007ffa2abc0000 - 0x00007ffa2abe7000 	C:\Windows\System32\bcrypt.dll
0x00007ffa2a1f0000 - 0x00007ffa2a1fc000 	C:\Windows\SYSTEM32\CRYPTBASE.dll
0x00007ffa21500000 - 0x00007ffa21517000 	C:\Windows\SYSTEM32\dhcpcsvc6.DLL
0x00007ffa214d0000 - 0x00007ffa214ed000 	C:\Windows\SYSTEM32\dhcpcsvc.DLL
0x00007ff9fc4e0000 - 0x00007ff9fc507000 	C:\Program Files\Android\Android Studio1\jre\bin\sunec.dll
0x00007ffa1e710000 - 0x00007ffa1e71a000 	C:\Windows\System32\rasadhlp.dll
0x00007ffa21ad0000 - 0x00007ffa21b4f000 	C:\Windows\System32\fwpuclnt.dll

dbghelp: loaded successfully - version: 4.0.5 - missing functions: none
symbol engine: initialized successfully - sym options: 0x614 - pdb path: .;C:\Program Files\Android\Android Studio1\jre\bin;C:\Windows\SYSTEM32;C:\Windows\WinSxS\amd64_microsoft.windows.common-controls_6595b64144ccf1df_6.0.19041.1110_none_60b5254171f9507e;C:\Program Files\Android\Android Studio1\jre\bin\server;C:\Program Files (x86)\WareValley\Chakra Max Client V2\x86_64;C:\Users\DOIYASUHIRO\.gradle\native\8bec1ad78214c89d9ad589b4d07fe93259594b29d510b10fafb7a158f7737e5d\windows-amd64;C:\Users\DOIYASUHIRO\.gradle\native\53dbd7edfb1c66fb8903c78663c9afc45aea4f116125fa6feffd364cf09443e8\windows-amd64

VM Arguments:
jvm_args: --add-opens=java.base/java.util=ALL-UNNAMED --add-opens=java.base/java.lang=ALL-UNNAMED --add-opens=java.base/java.lang.invoke=ALL-UNNAMED --add-opens=java.base/java.util=ALL-UNNAMED --add-opens=java.prefs/java.util.prefs=ALL-UNNAMED --add-opens=java.prefs/java.util.prefs=ALL-UNNAMED --add-opens=java.base/java.nio.charset=ALL-UNNAMED --add-opens=java.base/java.net=ALL-UNNAMED --add-opens=java.base/java.util.concurrent.atomic=ALL-UNNAMED -Xmx2048m -Dfile.encoding=UTF-8 -Duser.country=JP -Duser.language=ja -Duser.variant 
java_command: org.gradle.launcher.daemon.bootstrap.GradleDaemon 7.0.2
java_class_path (initial): C:\Users\DOIYASUHIRO\.gradle\wrapper\dists\gradle-7.0.2-bin\857tjihv64xamwrf0h14cai3r\gradle-7.0.2\lib\gradle-launcher-7.0.2.jar
Launcher Type: SUN_STANDARD

[Global flags]
     intx CICompilerCount                          = 4                                         {product} {ergonomic}
     uint ConcGCThreads                            = 2                                         {product} {ergonomic}
     uint G1ConcRefinementThreads                  = 8                                         {product} {ergonomic}
   size_t G1HeapRegionSize                         = 1048576                                   {product} {ergonomic}
    uintx GCDrainStackTargetSize                   = 64                                        {product} {ergonomic}
   size_t InitialHeapSize                          = 130023424                                 {product} {ergonomic}
   size_t MarkStackSize                            = 4194304                                   {product} {ergonomic}
   size_t MaxHeapSize                              = 2147483648                                {product} {command line}
   size_t MaxNewSize                               = 1287651328                                {product} {ergonomic}
   size_t MinHeapDeltaBytes                        = 1048576                                   {product} {ergonomic}
    uintx NonNMethodCodeHeapSize                   = 5836300                                {pd product} {ergonomic}
    uintx NonProfiledCodeHeapSize                  = 122910970                              {pd product} {ergonomic}
    uintx ProfiledCodeHeapSize                     = 122910970                              {pd product} {ergonomic}
    uintx ReservedCodeCacheSize                    = 251658240                              {pd product} {ergonomic}
     bool SegmentedCodeCache                       = true                                      {product} {ergonomic}
     bool UseCompressedClassPointers               = true                                 {lp64_product} {ergonomic}
     bool UseCompressedOops                        = true                                 {lp64_product} {ergonomic}
     bool UseG1GC                                  = true                                      {product} {ergonomic}
     bool UseLargePagesIndividualAllocation        = false                                  {pd product} {ergonomic}

Logging:
Log output configuration:
 #0: stdout all=warning uptime,level,tags
 #1: stderr all=off uptime,level,tags

Environment Variables:
PATH=C:\oracle\product\11.2.0\client_1\bin;C:\Windows\system32;C:\Windows;C:\Windows\System32\Wbem;C:\Windows\System32\WindowsPowerShell\v1.0\;C:\Program Files\WinMerge;C:\Windows\System32\OpenSSH\;C:\Program Files\TortoiseSVN\bin;C:\Program Files\dotnet\;C:\Program Files\Microsoft SQL Server\130\Tools\Binn\;C:\Program Files (x86)\GrapeCity\SAManager\;C:\Program Files (x86)\Riverbed\Steelhead Mobile\;C:\Users\DOIYASUHIRO\AppData\Local\Microsoft\WindowsApps;C:\Users\DOIYASUHIRO\AppData\Local\Programs\Microsoft VS Code\bin;C:\platform-tools;
USERNAME=DOIYASUHIRO
OS=Windows_NT
PROCESSOR_IDENTIFIER=Intel64 Family 6 Model 142 Stepping 12, GenuineIntel



---------------  S Y S T E M  ---------------

OS: Windows 10 , 64 bit Build 19041 (10.0.19041.1151)
OS uptime: 0 days 9:58 hours

CPU:total 8 (initial active 8) (4 cores per cpu, 2 threads per core) family 6 model 142 stepping 12 microcode 0xde, cmov, cx8, fxsr, mmx, sse, sse2, sse3, ssse3, sse4.1, sse4.2, popcnt, avx, avx2, aes, clmul, erms, 3dnowpref, lzcnt, ht, tsc, tscinvbit, bmi1, bmi2, adx, fma

Memory: 4k page, system-wide physical 7886M (1197M free)
TotalPageFile size 15529M (AvailPageFile size 5129M)
current process WorkingSet (physical memory assigned to process): 475M, peak: 528M
current process commit charge ("private bytes"): 510M, peak: 555M

vm_info: OpenJDK 64-Bit Server VM (11.0.10+0-b96-7249189) for windows-amd64 JRE (11.0.10+0-b96-7249189), built on Mar 31 2021 21:44:00 by "builder" with MS VC++ 14.0 (VS2015)

END.
